{"event":"poller_registered","job_id":"job-1756768597672558670-49984","remote_uuid":"b6524554-8789-11f0-8f77-00163e100466","timestamp":"2025-09-01T20:29:43-03:00"}
{"event":"poller_registered","job_id":"job-1756768597672558670-49984","remote_uuid":"b6524554-8789-11f0-8f77-00163e100466","timestamp":"2025-09-01T20:32:53-03:00"}
{"event":"poller_registered","job_id":"job-1756768597672558670-49984","remote_uuid":"b6524554-8789-11f0-8f77-00163e100466","timestamp":"2025-09-01T20:35:14-03:00"}
{"event":"poller_registered","job_id":"job-1756768597672558670-49984","remote_uuid":"b6524554-8789-11f0-8f77-00163e100466","timestamp":"2025-09-01T20:37:24-03:00"}
{"event":"poller_registered","job_id":"job-1756768597672558670-49984","remote_uuid":"b6524554-8789-11f0-8f77-00163e100466","timestamp":"2025-09-01T20:38:22-03:00"}
{"event":"poller_registered","job_id":"job-1756768597672558670-49984","remote_uuid":"b6524554-8789-11f0-8f77-00163e100466","timestamp":"2025-09-01T20:40:01-03:00"}
{"event":"poller_registered","job_id":"job-1756768597672558670-49984","remote_uuid":"b6524554-8789-11f0-8f77-00163e100466","timestamp":"2025-09-01T20:42:26-03:00"}
{"event":"poller_registered","job_id":"job-1756768597672558670-49984","remote_uuid":"b6524554-8789-11f0-8f77-00163e100466","timestamp":"2025-09-01T20:45:31-03:00"}
{"event":"poller_registered","job_id":"job-1756768597672558670-49984","remote_uuid":"b6524554-8789-11f0-8f77-00163e100466","timestamp":"2025-09-01T20:47:24-03:00"}
{"event":"poller_registered","job_id":"job-1756768597672558670-49984","remote_uuid":"b6524554-8789-11f0-8f77-00163e100466","timestamp":"2025-09-01T20:48:39-03:00"}
{"event":"poller_registered","job_id":"job-1756768597672558670-49984","remote_uuid":"b6524554-8789-11f0-8f77-00163e100466","timestamp":"2025-09-01T20:53:44-03:00"}
{"event":"poller_registered","job_id":"job-1756768597672558670-49984","remote_uuid":"b6524554-8789-11f0-8f77-00163e100466","timestamp":"2025-09-01T20:56:16-03:00"}
{"event":"poller_registered","job_id":"job-1756768597672558670-49984","remote_uuid":"b6524554-8789-11f0-8f77-00163e100466","timestamp":"2025-09-01T21:00:22-03:00"}
{"event":"poller_registered","job_id":"job-1756768597672558670-49984","remote_uuid":"b6524554-8789-11f0-8f77-00163e100466","timestamp":"2025-09-01T21:03:05-03:00"}
{"event":"poller_registered","job_id":"job-1756768597672558670-49984","remote_uuid":"b6524554-8789-11f0-8f77-00163e100466","timestamp":"2025-09-01T21:03:28-03:00"}
{"event":"poller_registered","job_id":"job-1756768597672558670-49984","remote_uuid":"b6524554-8789-11f0-8f77-00163e100466","timestamp":"2025-09-01T21:05:04-03:00"}
{"event":"created","job_id":"job-1756771532270361822-57615","state":"queued","timestamp":"2025-09-01T21:05:32-03:00","variant_code":"JQ064953.1"}
{"from_message":"","from_state":"queued","job_id":"job-1756771532270361822-57615","timestamp":"2025-09-01T21:05:32-03:00","to_message":"","to_state":"submitting","variant_code":"JQ064953.1"}
{"from_message":"","from_state":"submitting","job_id":"job-1756771532270361822-57615","timestamp":"2025-09-01T21:05:34-03:00","to_message":"","to_state":"submitted","variant_code":"JQ064953.1"}
{"event":"poller_registered","job_id":"job-1756771532270361822-57615","remote_uuid":"8b70541e-8790-11f0-8e6d-00163e100466","timestamp":"2025-09-01T21:05:34-03:00"}
{"event":"poller_registered","job_id":"job-1756771532270361822-57615","remote_uuid":"8b70541e-8790-11f0-8e6d-00163e100466","timestamp":"2025-09-01T21:08:53-03:00"}
{"event":"poller_registered","job_id":"job-1756768597672558670-49984","remote_uuid":"b6524554-8789-11f0-8f77-00163e100466","timestamp":"2025-09-01T21:08:53-03:00"}
{"event":"poller_registered","job_id":"job-1756771532270361822-57615","remote_uuid":"8b70541e-8790-11f0-8e6d-00163e100466","timestamp":"2025-09-01T21:16:20-03:00"}
{"event":"poller_registered","job_id":"job-1756768597672558670-49984","remote_uuid":"b6524554-8789-11f0-8f77-00163e100466","timestamp":"2025-09-01T21:16:20-03:00"}
{"event":"poller_registered","job_id":"job-1756771532270361822-57615","remote_uuid":"8b70541e-8790-11f0-8e6d-00163e100466","timestamp":"2025-09-01T21:18:13-03:00"}
{"event":"poller_registered","job_id":"job-1756768597672558670-49984","remote_uuid":"b6524554-8789-11f0-8f77-00163e100466","timestamp":"2025-09-01T21:18:13-03:00"}
{"event":"poller_registered","job_id":"job-1756768597672558670-49984","remote_uuid":"b6524554-8789-11f0-8f77-00163e100466","timestamp":"2025-09-01T21:20:56-03:00"}
{"event":"poller_registered","job_id":"job-1756771532270361822-57615","remote_uuid":"8b70541e-8790-11f0-8e6d-00163e100466","timestamp":"2025-09-01T21:20:56-03:00"}
{"event":"created","job_id":"job-1756772464275292076-60243","state":"queued","timestamp":"2025-09-01T21:21:04-03:00","variant_code":"JQ064952.1"}
{"from_message":"","from_state":"queued","job_id":"job-1756772464275292076-60243","timestamp":"2025-09-01T21:21:04-03:00","to_message":"","to_state":"submitting","variant_code":"JQ064952.1"}
{"from_message":"","from_state":"submitting","job_id":"job-1756772464275292076-60243","timestamp":"2025-09-01T21:21:06-03:00","to_message":"","to_state":"submitted","variant_code":"JQ064952.1"}
{"event":"poller_registered","job_id":"job-1756772464275292076-60243","remote_uuid":"b70249dc-8792-11f0-8e6d-00163e100466","timestamp":"2025-09-01T21:21:06-03:00"}
{"event":"created","job_id":"job-1756772476968863883-60243","state":"queued","timestamp":"2025-09-01T21:21:16-03:00","variant_code":"JQ064943.1"}
{"from_message":"","from_state":"queued","job_id":"job-1756772476968863883-60243","timestamp":"2025-09-01T21:21:17-03:00","to_message":"","to_state":"submitting","variant_code":"JQ064943.1"}
{"from_message":"","from_state":"submitting","job_id":"job-1756772476968863883-60243","timestamp":"2025-09-01T21:21:17-03:00","to_message":"","to_state":"submitted","variant_code":"JQ064943.1"}
{"event":"poller_registered","job_id":"job-1756772476968863883-60243","remote_uuid":"be5b5ebc-8792-11f0-8e6d-00163e100466","timestamp":"2025-09-01T21:21:18-03:00"}
{"event":"poller_registered","job_id":"job-1756772476968863883-60243","remote_uuid":"be5b5ebc-8792-11f0-8e6d-00163e100466","timestamp":"2025-09-01T21:24:13-03:00"}
{"event":"poller_registered","job_id":"job-1756771532270361822-57615","remote_uuid":"8b70541e-8790-11f0-8e6d-00163e100466","timestamp":"2025-09-01T21:24:13-03:00"}
{"event":"poller_registered","job_id":"job-1756768597672558670-49984","remote_uuid":"b6524554-8789-11f0-8f77-00163e100466","timestamp":"2025-09-01T21:24:13-03:00"}
{"event":"poller_registered","job_id":"job-1756772464275292076-60243","remote_uuid":"b70249dc-8792-11f0-8e6d-00163e100466","timestamp":"2025-09-01T21:24:13-03:00"}
{"event":"created","job_id":"job-1756772737261533628-60626","state":"queued","timestamp":"2025-09-01T21:25:37-03:00","variant_code":"JQ064942.1"}
{"from_message":"","from_state":"queued","job_id":"job-1756772737261533628-60626","timestamp":"2025-09-01T21:25:37-03:00","to_message":"","to_state":"submitting","variant_code":"JQ064942.1"}
{"from_message":"","from_state":"submitting","job_id":"job-1756772737261533628-60626","timestamp":"2025-09-01T21:25:38-03:00","to_message":"","to_state":"submitted","variant_code":"JQ064942.1"}
{"event":"poller_registered","job_id":"job-1756772737261533628-60626","remote_uuid":"5971fc1c-8793-11f0-9d3a-00163e100466","timestamp":"2025-09-01T21:25:38-03:00"}
{"event":"poller_registered","job_id":"job-1756772464275292076-60243","remote_uuid":"b70249dc-8792-11f0-8e6d-00163e100466","timestamp":"2025-09-01T21:27:17-03:00"}
{"event":"poller_registered","job_id":"job-1756771532270361822-57615","remote_uuid":"8b70541e-8790-11f0-8e6d-00163e100466","timestamp":"2025-09-01T21:27:17-03:00"}
{"event":"poller_registered","job_id":"job-1756768597672558670-49984","remote_uuid":"b6524554-8789-11f0-8f77-00163e100466","timestamp":"2025-09-01T21:27:17-03:00"}
{"event":"poller_registered","job_id":"job-1756772737261533628-60626","remote_uuid":"5971fc1c-8793-11f0-9d3a-00163e100466","timestamp":"2025-09-01T21:27:17-03:00"}
{"event":"poller_registered","job_id":"job-1756772476968863883-60243","remote_uuid":"be5b5ebc-8792-11f0-8e6d-00163e100466","timestamp":"2025-09-01T21:27:17-03:00"}
{"event":"created","job_id":"job-1756772851964256757-61100","state":"queued","timestamp":"2025-09-01T21:27:31-03:00","variant_code":"HM191420.1"}
{"from_message":"","from_state":"queued","job_id":"job-1756772851964256757-61100","timestamp":"2025-09-01T21:27:32-03:00","to_message":"","to_state":"submitting","variant_code":"HM191420.1"}
{"from_message":"","from_state":"submitting","job_id":"job-1756772851964256757-61100","timestamp":"2025-09-01T21:27:33-03:00","to_message":"","to_state":"submitted","variant_code":"HM191420.1"}
{"event":"poller_registered","job_id":"job-1756772851964256757-61100","remote_uuid":"9df859a8-8793-11f0-94ce-00163e100466","timestamp":"2025-09-01T21:27:33-03:00"}
{"event":"created","job_id":"job-1756772867957458175-61100","state":"queued","timestamp":"2025-09-01T21:27:47-03:00","variant_code":"HM191419.1"}
{"from_message":"","from_state":"queued","job_id":"job-1756772867957458175-61100","timestamp":"2025-09-01T21:27:48-03:00","to_message":"","to_state":"submitting","variant_code":"HM191419.1"}
{"from_message":"","from_state":"submitting","job_id":"job-1756772867957458175-61100","timestamp":"2025-09-01T21:27:49-03:00","to_message":"","to_state":"submitted","variant_code":"HM191419.1"}
{"event":"poller_registered","job_id":"job-1756772867957458175-61100","remote_uuid":"a7703bea-8793-11f0-a32a-00163e100466","timestamp":"2025-09-01T21:27:49-03:00"}
{"event":"created","job_id":"job-1756772876310217931-61100","state":"queued","timestamp":"2025-09-01T21:27:56-03:00","variant_code":"HM191418.1"}
{"from_message":"","from_state":"queued","job_id":"job-1756772876310217931-61100","timestamp":"2025-09-01T21:27:56-03:00","to_message":"","to_state":"submitting","variant_code":"HM191418.1"}
{"from_message":"","from_state":"submitting","job_id":"job-1756772876310217931-61100","timestamp":"2025-09-01T21:27:57-03:00","to_message":"","to_state":"submitted","variant_code":"HM191418.1"}
{"event":"poller_registered","job_id":"job-1756772876310217931-61100","remote_uuid":"ac4e2960-8793-11f0-ba23-00163e100466","timestamp":"2025-09-01T21:27:57-03:00"}
{"event":"created","job_id":"job-1756772884183108737-61100","state":"queued","timestamp":"2025-09-01T21:28:04-03:00","variant_code":"AY151031.1"}
{"from_message":"","from_state":"queued","job_id":"job-1756772884183108737-61100","timestamp":"2025-09-01T21:28:04-03:00","to_message":"","to_state":"submitting","variant_code":"AY151031.1"}
{"from_message":"","from_state":"submitting","job_id":"job-1756772884183108737-61100","timestamp":"2025-09-01T21:28:04-03:00","to_message":"Post \"https://bioinf.cs.ucl.ac.uk/psipred/api/submission.json\": EOF","to_state":"error","variant_code":"AY151031.1"}
{"event":"created","job_id":"job-1756772890203633893-61100","state":"queued","timestamp":"2025-09-01T21:28:10-03:00","variant_code":"AY151030.1"}
{"from_message":"","from_state":"queued","job_id":"job-1756772890203633893-61100","timestamp":"2025-09-01T21:28:10-03:00","to_message":"","to_state":"submitting","variant_code":"AY151030.1"}
{"from_message":"","from_state":"submitting","job_id":"job-1756772890203633893-61100","timestamp":"2025-09-01T21:28:11-03:00","to_message":"","to_state":"submitted","variant_code":"AY151030.1"}
{"event":"poller_registered","job_id":"job-1756772890203633893-61100","remote_uuid":"b4ebc00a-8793-11f0-94ce-00163e100466","timestamp":"2025-09-01T21:28:12-03:00"}
{"event":"created","job_id":"job-1756772896390578153-61100","state":"queued","timestamp":"2025-09-01T21:28:16-03:00","variant_code":"AY151029.1"}
{"from_message":"","from_state":"queued","job_id":"job-1756772896390578153-61100","timestamp":"2025-09-01T21:28:16-03:00","to_message":"","to_state":"submitting","variant_code":"AY151029.1"}
{"from_message":"","from_state":"submitting","job_id":"job-1756772896390578153-61100","timestamp":"2025-09-01T21:28:17-03:00","to_message":"","to_state":"submitted","variant_code":"AY151029.1"}
{"event":"poller_registered","job_id":"job-1756772896390578153-61100","remote_uuid":"b8599ba4-8793-11f0-8493-00163e100466","timestamp":"2025-09-01T21:28:18-03:00"}
{"event":"created","job_id":"job-1756772908419320637-61100","state":"queued","timestamp":"2025-09-01T21:28:28-03:00","variant_code":"AY151028.1"}
{"from_message":"","from_state":"queued","job_id":"job-1756772908419320637-61100","timestamp":"2025-09-01T21:28:28-03:00","to_message":"","to_state":"submitting","variant_code":"AY151028.1"}
{"from_message":"","from_state":"submitting","job_id":"job-1756772908419320637-61100","timestamp":"2025-09-01T21:28:29-03:00","to_message":"","to_state":"submitted","variant_code":"AY151028.1"}
{"event":"poller_registered","job_id":"job-1756772908419320637-61100","remote_uuid":"bf754d02-8793-11f0-ba23-00163e100466","timestamp":"2025-09-01T21:28:30-03:00"}
{"event":"created","job_id":"job-1756772914822019108-61100","state":"queued","timestamp":"2025-09-01T21:28:34-03:00","variant_code":"AY151031.1"}
{"from_message":"","from_state":"queued","job_id":"job-1756772914822019108-61100","timestamp":"2025-09-01T21:28:35-03:00","to_message":"","to_state":"submitting","variant_code":"AY151031.1"}
{"from_message":"","from_state":"submitting","job_id":"job-1756772914822019108-61100","timestamp":"2025-09-01T21:28:36-03:00","to_message":"","to_state":"submitted","variant_code":"AY151031.1"}
{"event":"poller_registered","job_id":"job-1756772914822019108-61100","remote_uuid":"c34dd052-8793-11f0-8f29-00163e100466","timestamp":"2025-09-01T21:28:36-03:00"}
{"event":"created","job_id":"job-1756772929163302376-61100","state":"queued","timestamp":"2025-09-01T21:28:49-03:00","variant_code":"AY151027.1"}
{"from_message":"","from_state":"queued","job_id":"job-1756772929163302376-61100","timestamp":"2025-09-01T21:28:49-03:00","to_message":"","to_state":"submitting","variant_code":"AY151027.1"}
{"from_message":"","from_state":"submitting","job_id":"job-1756772929163302376-61100","timestamp":"2025-09-01T21:28:52-03:00","to_message":"","to_state":"submitted","variant_code":"AY151027.1"}
{"event":"poller_registered","job_id":"job-1756772929163302376-61100","remote_uuid":"cccfd242-8793-11f0-8f77-00163e100466","timestamp":"2025-09-01T21:28:52-03:00"}
{"event":"created","job_id":"job-1756772936669775290-61100","state":"queued","timestamp":"2025-09-01T21:28:56-03:00","variant_code":"HM191425.1"}
{"from_message":"","from_state":"queued","job_id":"job-1756772936669775290-61100","timestamp":"2025-09-01T21:28:56-03:00","to_message":"","to_state":"submitting","variant_code":"HM191425.1"}
{"from_message":"","from_state":"submitting","job_id":"job-1756772936669775290-61100","timestamp":"2025-09-01T21:28:58-03:00","to_message":"","to_state":"submitted","variant_code":"HM191425.1"}
{"event":"poller_registered","job_id":"job-1756772936669775290-61100","remote_uuid":"d06d9f2e-8793-11f0-8e6d-00163e100466","timestamp":"2025-09-01T21:28:58-03:00"}
{"event":"created","job_id":"job-1756772953984737375-61100","state":"queued","timestamp":"2025-09-01T21:29:13-03:00","variant_code":"HM191424.1"}
{"from_message":"","from_state":"queued","job_id":"job-1756772953984737375-61100","timestamp":"2025-09-01T21:29:14-03:00","to_message":"","to_state":"submitting","variant_code":"HM191424.1"}
{"from_message":"","from_state":"submitting","job_id":"job-1756772953984737375-61100","timestamp":"2025-09-01T21:29:15-03:00","to_message":"","to_state":"submitted","variant_code":"HM191424.1"}
{"event":"poller_registered","job_id":"job-1756772953984737375-61100","remote_uuid":"daae71e8-8793-11f0-8493-00163e100466","timestamp":"2025-09-01T21:29:15-03:00"}
{"event":"created","job_id":"job-1756772972243371642-61100","state":"queued","timestamp":"2025-09-01T21:29:32-03:00","variant_code":"HM191423.1"}
{"from_message":"","from_state":"queued","job_id":"job-1756772972243371642-61100","timestamp":"2025-09-01T21:29:32-03:00","to_message":"","to_state":"submitting","variant_code":"HM191423.1"}
{"from_message":"","from_state":"submitting","job_id":"job-1756772972243371642-61100","timestamp":"2025-09-01T21:29:33-03:00","to_message":"","to_state":"submitted","variant_code":"HM191423.1"}
{"event":"poller_registered","job_id":"job-1756772972243371642-61100","remote_uuid":"e584aef2-8793-11f0-8be6-00163e100466","timestamp":"2025-09-01T21:29:33-03:00"}
{"event":"created","job_id":"job-1756772987608051632-61100","state":"queued","timestamp":"2025-09-01T21:29:47-03:00","variant_code":"HM191422.1"}
{"from_message":"","from_state":"queued","job_id":"job-1756772987608051632-61100","timestamp":"2025-09-01T21:29:48-03:00","to_message":"","to_state":"submitting","variant_code":"HM191422.1"}
{"from_message":"","from_state":"submitting","job_id":"job-1756772987608051632-61100","timestamp":"2025-09-01T21:29:49-03:00","to_message":"","to_state":"submitted","variant_code":"HM191422.1"}
{"event":"poller_registered","job_id":"job-1756772987608051632-61100","remote_uuid":"eef50108-8793-11f0-bd0d-00163e100466","timestamp":"2025-09-01T21:29:50-03:00"}
{"event":"created","job_id":"job-1756772998711283945-61100","state":"queued","timestamp":"2025-09-01T21:29:58-03:00","variant_code":"HM191421.1"}
{"from_message":"","from_state":"queued","job_id":"job-1756772998711283945-61100","timestamp":"2025-09-01T21:29:59-03:00","to_message":"","to_state":"submitting","variant_code":"HM191421.1"}
{"from_message":"","from_state":"submitting","job_id":"job-1756772998711283945-61100","timestamp":"2025-09-01T21:29:59-03:00","to_message":"psipred submit failed: 429 Too Many Requests: {\"error\":\"You have no authority to post jobs.Either you are not logged in you have too many, 15, concurrent jobs running\"}","to_state":"error","variant_code":"HM191421.1"}
{"event":"created","job_id":"job-1756773008196792447-61100","state":"queued","timestamp":"2025-09-01T21:30:08-03:00","variant_code":"HM191421.1"}
{"event":"created","job_id":"job-1756773008199031297-61100","state":"queued","timestamp":"2025-09-01T21:30:08-03:00","variant_code":"HM191421.1"}
{"from_message":"","from_state":"queued","job_id":"job-1756773008196792447-61100","timestamp":"2025-09-01T21:30:08-03:00","to_message":"","to_state":"submitting","variant_code":"HM191421.1"}
{"from_message":"","from_state":"queued","job_id":"job-1756773008199031297-61100","timestamp":"2025-09-01T21:30:09-03:00","to_message":"","to_state":"submitting","variant_code":"HM191421.1"}
{"from_message":"","from_state":"submitting","job_id":"job-1756773008196792447-61100","timestamp":"2025-09-01T21:30:09-03:00","to_message":"psipred submit failed: 429 Too Many Requests: {\"error\":\"You have no authority to post jobs.Either you are not logged in you have too many, 15, concurrent jobs running\"}","to_state":"error","variant_code":"HM191421.1"}
{"from_message":"","from_state":"submitting","job_id":"job-1756773008199031297-61100","timestamp":"2025-09-01T21:30:09-03:00","to_message":"psipred submit failed: 429 Too Many Requests: {\"error\":\"You have no authority to post jobs.Either you are not logged in you have too many, 15, concurrent jobs running\"}","to_state":"error","variant_code":"HM191421.1"}
{"event":"poller_registered","job_id":"job-1756772987608051632-61100","remote_uuid":"eef50108-8793-11f0-bd0d-00163e100466","timestamp":"2025-09-01T21:37:33-03:00"}
{"event":"poller_registered","job_id":"job-1756772890203633893-61100","remote_uuid":"b4ebc00a-8793-11f0-94ce-00163e100466","timestamp":"2025-09-01T21:37:33-03:00"}
{"event":"poller_registered","job_id":"job-1756772737261533628-60626","remote_uuid":"5971fc1c-8793-11f0-9d3a-00163e100466","timestamp":"2025-09-01T21:37:33-03:00"}
{"event":"poller_registered","job_id":"job-1756772876310217931-61100","remote_uuid":"ac4e2960-8793-11f0-ba23-00163e100466","timestamp":"2025-09-01T21:37:33-03:00"}
{"event":"poller_registered","job_id":"job-1756772867957458175-61100","remote_uuid":"a7703bea-8793-11f0-a32a-00163e100466","timestamp":"2025-09-01T21:37:33-03:00"}
{"event":"poller_registered","job_id":"job-1756772851964256757-61100","remote_uuid":"9df859a8-8793-11f0-94ce-00163e100466","timestamp":"2025-09-01T21:37:33-03:00"}
{"event":"poller_registered","job_id":"job-1756772464275292076-60243","remote_uuid":"b70249dc-8792-11f0-8e6d-00163e100466","timestamp":"2025-09-01T21:37:33-03:00"}
{"event":"poller_registered","job_id":"job-1756772476968863883-60243","remote_uuid":"be5b5ebc-8792-11f0-8e6d-00163e100466","timestamp":"2025-09-01T21:37:33-03:00"}
{"event":"poller_registered","job_id":"job-1756772929163302376-61100","remote_uuid":"cccfd242-8793-11f0-8f77-00163e100466","timestamp":"2025-09-01T21:37:33-03:00"}
{"event":"poller_registered","job_id":"job-1756772972243371642-61100","remote_uuid":"e584aef2-8793-11f0-8be6-00163e100466","timestamp":"2025-09-01T21:37:33-03:00"}
{"event":"poller_registered","job_id":"job-1756772953984737375-61100","remote_uuid":"daae71e8-8793-11f0-8493-00163e100466","timestamp":"2025-09-01T21:37:33-03:00"}
{"event":"poller_registered","job_id":"job-1756772936669775290-61100","remote_uuid":"d06d9f2e-8793-11f0-8e6d-00163e100466","timestamp":"2025-09-01T21:37:33-03:00"}
{"event":"poller_registered","job_id":"job-1756772908419320637-61100","remote_uuid":"bf754d02-8793-11f0-ba23-00163e100466","timestamp":"2025-09-01T21:37:33-03:00"}
{"event":"poller_registered","job_id":"job-1756772914822019108-61100","remote_uuid":"c34dd052-8793-11f0-8f29-00163e100466","timestamp":"2025-09-01T21:37:33-03:00"}
{"event":"poller_registered","job_id":"job-1756771532270361822-57615","remote_uuid":"8b70541e-8790-11f0-8e6d-00163e100466","timestamp":"2025-09-01T21:37:33-03:00"}
{"event":"poller_registered","job_id":"job-1756772896390578153-61100","remote_uuid":"b8599ba4-8793-11f0-8493-00163e100466","timestamp":"2025-09-01T21:37:33-03:00"}
{"event":"poller_registered","job_id":"job-1756768597672558670-49984","remote_uuid":"b6524554-8789-11f0-8f77-00163e100466","timestamp":"2025-09-01T21:37:33-03:00"}
{"event":"poller_registered","job_id":"job-1756772914822019108-61100","remote_uuid":"c34dd052-8793-11f0-8f29-00163e100466","timestamp":"2025-09-01T21:40:22-03:00"}
{"event":"poller_registered","job_id":"job-1756772972243371642-61100","remote_uuid":"e584aef2-8793-11f0-8be6-00163e100466","timestamp":"2025-09-01T21:40:22-03:00"}
{"event":"poller_registered","job_id":"job-1756772987608051632-61100","remote_uuid":"eef50108-8793-11f0-bd0d-00163e100466","timestamp":"2025-09-01T21:40:22-03:00"}
{"event":"poller_registered","job_id":"job-1756772953984737375-61100","remote_uuid":"daae71e8-8793-11f0-8493-00163e100466","timestamp":"2025-09-01T21:40:22-03:00"}
{"event":"poller_registered","job_id":"job-1756772936669775290-61100","remote_uuid":"d06d9f2e-8793-11f0-8e6d-00163e100466","timestamp":"2025-09-01T21:40:22-03:00"}
{"event":"poller_registered","job_id":"job-1756772929163302376-61100","remote_uuid":"cccfd242-8793-11f0-8f77-00163e100466","timestamp":"2025-09-01T21:40:22-03:00"}
{"event":"poller_registered","job_id":"job-1756772890203633893-61100","remote_uuid":"b4ebc00a-8793-11f0-94ce-00163e100466","timestamp":"2025-09-01T21:40:22-03:00"}
{"event":"poller_registered","job_id":"job-1756772908419320637-61100","remote_uuid":"bf754d02-8793-11f0-ba23-00163e100466","timestamp":"2025-09-01T21:40:22-03:00"}
{"event":"poller_registered","job_id":"job-1756772876310217931-61100","remote_uuid":"ac4e2960-8793-11f0-ba23-00163e100466","timestamp":"2025-09-01T21:40:22-03:00"}
{"event":"poller_registered","job_id":"job-1756772896390578153-61100","remote_uuid":"b8599ba4-8793-11f0-8493-00163e100466","timestamp":"2025-09-01T21:40:22-03:00"}
{"event":"poller_registered","job_id":"job-1756772867957458175-61100","remote_uuid":"a7703bea-8793-11f0-a32a-00163e100466","timestamp":"2025-09-01T21:40:22-03:00"}
{"event":"poller_registered","job_id":"job-1756772737261533628-60626","remote_uuid":"5971fc1c-8793-11f0-9d3a-00163e100466","timestamp":"2025-09-01T21:40:22-03:00"}
{"event":"poller_registered","job_id":"job-1756772851964256757-61100","remote_uuid":"9df859a8-8793-11f0-94ce-00163e100466","timestamp":"2025-09-01T21:40:22-03:00"}
{"event":"poller_registered","job_id":"job-1756772476968863883-60243","remote_uuid":"be5b5ebc-8792-11f0-8e6d-00163e100466","timestamp":"2025-09-01T21:40:22-03:00"}
{"event":"poller_registered","job_id":"job-1756771532270361822-57615","remote_uuid":"8b70541e-8790-11f0-8e6d-00163e100466","timestamp":"2025-09-01T21:40:22-03:00"}
{"event":"poller_registered","job_id":"job-1756772464275292076-60243","remote_uuid":"b70249dc-8792-11f0-8e6d-00163e100466","timestamp":"2025-09-01T21:40:22-03:00"}
{"event":"poller_registered","job_id":"job-1756768597672558670-49984","remote_uuid":"b6524554-8789-11f0-8f77-00163e100466","timestamp":"2025-09-01T21:40:22-03:00"}
{"event":"poller_registered","job_id":"job-1756772953984737375-61100","remote_uuid":"daae71e8-8793-11f0-8493-00163e100466","timestamp":"2025-09-01T21:44:08-03:00"}
{"event":"poller_registered","job_id":"job-1756772851964256757-61100","remote_uuid":"9df859a8-8793-11f0-94ce-00163e100466","timestamp":"2025-09-01T21:44:08-03:00"}
{"event":"poller_registered","job_id":"job-1756772908419320637-61100","remote_uuid":"bf754d02-8793-11f0-ba23-00163e100466","timestamp":"2025-09-01T21:44:08-03:00"}
{"event":"poller_registered","job_id":"job-1756772936669775290-61100","remote_uuid":"d06d9f2e-8793-11f0-8e6d-00163e100466","timestamp":"2025-09-01T21:44:08-03:00"}
{"event":"poller_registered","job_id":"job-1756772929163302376-61100","remote_uuid":"cccfd242-8793-11f0-8f77-00163e100466","timestamp":"2025-09-01T21:44:08-03:00"}
{"event":"poller_registered","job_id":"job-1756772914822019108-61100","remote_uuid":"c34dd052-8793-11f0-8f29-00163e100466","timestamp":"2025-09-01T21:44:08-03:00"}
{"event":"poller_registered","job_id":"job-1756772987608051632-61100","remote_uuid":"eef50108-8793-11f0-bd0d-00163e100466","timestamp":"2025-09-01T21:44:08-03:00"}
{"event":"poller_registered","job_id":"job-1756772972243371642-61100","remote_uuid":"e584aef2-8793-11f0-8be6-00163e100466","timestamp":"2025-09-01T21:44:08-03:00"}
{"event":"poller_registered","job_id":"job-1756772896390578153-61100","remote_uuid":"b8599ba4-8793-11f0-8493-00163e100466","timestamp":"2025-09-01T21:44:08-03:00"}
{"event":"poller_registered","job_id":"job-1756772890203633893-61100","remote_uuid":"b4ebc00a-8793-11f0-94ce-00163e100466","timestamp":"2025-09-01T21:44:08-03:00"}
{"event":"poller_registered","job_id":"job-1756772737261533628-60626","remote_uuid":"5971fc1c-8793-11f0-9d3a-00163e100466","timestamp":"2025-09-01T21:44:08-03:00"}
{"event":"poller_registered","job_id":"job-1756772476968863883-60243","remote_uuid":"be5b5ebc-8792-11f0-8e6d-00163e100466","timestamp":"2025-09-01T21:44:08-03:00"}
{"event":"poller_registered","job_id":"job-1756771532270361822-57615","remote_uuid":"8b70541e-8790-11f0-8e6d-00163e100466","timestamp":"2025-09-01T21:44:08-03:00"}
{"event":"poller_registered","job_id":"job-1756772464275292076-60243","remote_uuid":"b70249dc-8792-11f0-8e6d-00163e100466","timestamp":"2025-09-01T21:44:08-03:00"}
{"event":"poller_registered","job_id":"job-1756772876310217931-61100","remote_uuid":"ac4e2960-8793-11f0-ba23-00163e100466","timestamp":"2025-09-01T21:44:08-03:00"}
{"event":"poller_registered","job_id":"job-1756772867957458175-61100","remote_uuid":"a7703bea-8793-11f0-a32a-00163e100466","timestamp":"2025-09-01T21:44:08-03:00"}
{"event":"poller_registered","job_id":"job-1756768597672558670-49984","remote_uuid":"b6524554-8789-11f0-8f77-00163e100466","timestamp":"2025-09-01T21:44:08-03:00"}
{"event":"poller_registered","job_id":"job-1756772972243371642-61100","remote_uuid":"e584aef2-8793-11f0-8be6-00163e100466","timestamp":"2025-09-01T21:46:00-03:00"}
{"event":"poller_registered","job_id":"job-1756772953984737375-61100","remote_uuid":"daae71e8-8793-11f0-8493-00163e100466","timestamp":"2025-09-01T21:46:00-03:00"}
{"event":"poller_registered","job_id":"job-1756772987608051632-61100","remote_uuid":"eef50108-8793-11f0-bd0d-00163e100466","timestamp":"2025-09-01T21:46:00-03:00"}
{"event":"poller_registered","job_id":"job-1756772936669775290-61100","remote_uuid":"d06d9f2e-8793-11f0-8e6d-00163e100466","timestamp":"2025-09-01T21:46:00-03:00"}
{"event":"poller_registered","job_id":"job-1756772929163302376-61100","remote_uuid":"cccfd242-8793-11f0-8f77-00163e100466","timestamp":"2025-09-01T21:46:00-03:00"}
{"event":"poller_registered","job_id":"job-1756772914822019108-61100","remote_uuid":"c34dd052-8793-11f0-8f29-00163e100466","timestamp":"2025-09-01T21:46:00-03:00"}
{"event":"poller_registered","job_id":"job-1756772908419320637-61100","remote_uuid":"bf754d02-8793-11f0-ba23-00163e100466","timestamp":"2025-09-01T21:46:00-03:00"}
{"event":"poller_registered","job_id":"job-1756772896390578153-61100","remote_uuid":"b8599ba4-8793-11f0-8493-00163e100466","timestamp":"2025-09-01T21:46:00-03:00"}
{"event":"poller_registered","job_id":"job-1756772890203633893-61100","remote_uuid":"b4ebc00a-8793-11f0-94ce-00163e100466","timestamp":"2025-09-01T21:46:00-03:00"}
{"event":"poller_registered","job_id":"job-1756772476968863883-60243","remote_uuid":"be5b5ebc-8792-11f0-8e6d-00163e100466","timestamp":"2025-09-01T21:46:00-03:00"}
{"event":"poller_registered","job_id":"job-1756772876310217931-61100","remote_uuid":"ac4e2960-8793-11f0-ba23-00163e100466","timestamp":"2025-09-01T21:46:00-03:00"}
{"event":"poller_registered","job_id":"job-1756772867957458175-61100","remote_uuid":"a7703bea-8793-11f0-a32a-00163e100466","timestamp":"2025-09-01T21:46:00-03:00"}
{"event":"poller_registered","job_id":"job-1756772737261533628-60626","remote_uuid":"5971fc1c-8793-11f0-9d3a-00163e100466","timestamp":"2025-09-01T21:46:00-03:00"}
{"event":"poller_registered","job_id":"job-1756772851964256757-61100","remote_uuid":"9df859a8-8793-11f0-94ce-00163e100466","timestamp":"2025-09-01T21:46:00-03:00"}
{"event":"poller_registered","job_id":"job-1756772464275292076-60243","remote_uuid":"b70249dc-8792-11f0-8e6d-00163e100466","timestamp":"2025-09-01T21:46:00-03:00"}
{"event":"poller_registered","job_id":"job-1756771532270361822-57615","remote_uuid":"8b70541e-8790-11f0-8e6d-00163e100466","timestamp":"2025-09-01T21:46:00-03:00"}
{"event":"poller_registered","job_id":"job-1756768597672558670-49984","remote_uuid":"b6524554-8789-11f0-8f77-00163e100466","timestamp":"2025-09-01T21:46:00-03:00"}
{"event":"poller_registered","job_id":"job-1756772953984737375-61100","remote_uuid":"daae71e8-8793-11f0-8493-00163e100466","timestamp":"2025-09-01T21:52:00-03:00"}
{"event":"poller_registered","job_id":"job-1756772936669775290-61100","remote_uuid":"d06d9f2e-8793-11f0-8e6d-00163e100466","timestamp":"2025-09-01T21:52:00-03:00"}
{"event":"poller_registered","job_id":"job-1756772987608051632-61100","remote_uuid":"eef50108-8793-11f0-bd0d-00163e100466","timestamp":"2025-09-01T21:52:00-03:00"}
{"event":"poller_registered","job_id":"job-1756772972243371642-61100","remote_uuid":"e584aef2-8793-11f0-8be6-00163e100466","timestamp":"2025-09-01T21:52:00-03:00"}
{"event":"poller_registered","job_id":"job-1756772876310217931-61100","remote_uuid":"ac4e2960-8793-11f0-ba23-00163e100466","timestamp":"2025-09-01T21:52:00-03:00"}
{"event":"poller_registered","job_id":"job-1756772867957458175-61100","remote_uuid":"a7703bea-8793-11f0-a32a-00163e100466","timestamp":"2025-09-01T21:52:00-03:00"}
{"event":"poller_registered","job_id":"job-1756772851964256757-61100","remote_uuid":"9df859a8-8793-11f0-94ce-00163e100466","timestamp":"2025-09-01T21:52:00-03:00"}
{"event":"poller_registered","job_id":"job-1756772737261533628-60626","remote_uuid":"5971fc1c-8793-11f0-9d3a-00163e100466","timestamp":"2025-09-01T21:52:00-03:00"}
{"event":"poller_registered","job_id":"job-1756772908419320637-61100","remote_uuid":"bf754d02-8793-11f0-ba23-00163e100466","timestamp":"2025-09-01T21:52:00-03:00"}
{"event":"poller_registered","job_id":"job-1756772929163302376-61100","remote_uuid":"cccfd242-8793-11f0-8f77-00163e100466","timestamp":"2025-09-01T21:52:00-03:00"}
{"event":"poller_registered","job_id":"job-1756772914822019108-61100","remote_uuid":"c34dd052-8793-11f0-8f29-00163e100466","timestamp":"2025-09-01T21:52:00-03:00"}
{"event":"poller_registered","job_id":"job-1756772896390578153-61100","remote_uuid":"b8599ba4-8793-11f0-8493-00163e100466","timestamp":"2025-09-01T21:52:00-03:00"}
{"event":"poller_registered","job_id":"job-1756772890203633893-61100","remote_uuid":"b4ebc00a-8793-11f0-94ce-00163e100466","timestamp":"2025-09-01T21:52:00-03:00"}
{"event":"poller_registered","job_id":"job-1756772476968863883-60243","remote_uuid":"be5b5ebc-8792-11f0-8e6d-00163e100466","timestamp":"2025-09-01T21:52:00-03:00"}
{"event":"poller_registered","job_id":"job-1756772464275292076-60243","remote_uuid":"b70249dc-8792-11f0-8e6d-00163e100466","timestamp":"2025-09-01T21:52:00-03:00"}
{"event":"poller_registered","job_id":"job-1756771532270361822-57615","remote_uuid":"8b70541e-8790-11f0-8e6d-00163e100466","timestamp":"2025-09-01T21:52:00-03:00"}
{"event":"poller_registered","job_id":"job-1756768597672558670-49984","remote_uuid":"b6524554-8789-11f0-8f77-00163e100466","timestamp":"2025-09-01T21:52:00-03:00"}
{"event":"created","job_id":"job-1756774536542938435-64000","state":"queued","timestamp":"2025-09-01T21:55:36-03:00","variant_code":"HM191421.1"}
{"from_message":"","from_state":"queued","job_id":"job-1756774536542938435-64000","timestamp":"2025-09-01T21:55:36-03:00","to_message":"","to_state":"submitting","variant_code":"HM191421.1"}
{"from_message":"","from_state":"submitting","job_id":"job-1756774536542938435-64000","timestamp":"2025-09-01T21:55:38-03:00","to_message":"","to_state":"submitted","variant_code":"HM191421.1"}
{"event":"poller_registered","job_id":"job-1756774536542938435-64000","remote_uuid":"8a25af80-8797-11f0-97dc-00163e100466","timestamp":"2025-09-01T21:55:38-03:00"}
{"event":"created","job_id":"job-1756774543728455115-64000","state":"queued","timestamp":"2025-09-01T21:55:43-03:00","variant_code":"JQ064948.1"}
{"from_message":"","from_state":"queued","job_id":"job-1756774543728455115-64000","timestamp":"2025-09-01T21:55:44-03:00","to_message":"","to_state":"submitting","variant_code":"JQ064948.1"}
{"from_message":"","from_state":"submitting","job_id":"job-1756774543728455115-64000","timestamp":"2025-09-01T21:55:45-03:00","to_message":"","to_state":"submitted","variant_code":"JQ064948.1"}
{"event":"poller_registered","job_id":"job-1756774543728455115-64000","remote_uuid":"8e47dcfa-8797-11f0-9d3a-00163e100466","timestamp":"2025-09-01T21:55:45-03:00"}
{"event":"created","job_id":"job-1756774557099466849-64000","state":"queued","timestamp":"2025-09-01T21:55:57-03:00","variant_code":"JQ064947.1"}
{"from_message":"","from_state":"queued","job_id":"job-1756774557099466849-64000","timestamp":"2025-09-01T21:55:57-03:00","to_message":"","to_state":"submitting","variant_code":"JQ064947.1"}
{"from_message":"","from_state":"submitting","job_id":"job-1756774557099466849-64000","timestamp":"2025-09-01T21:55:58-03:00","to_message":"","to_state":"submitted","variant_code":"JQ064947.1"}
{"event":"poller_registered","job_id":"job-1756774557099466849-64000","remote_uuid":"962e9198-8797-11f0-b5fb-00163e100466","timestamp":"2025-09-01T21:55:59-03:00"}
{"event":"created","job_id":"job-1756774560949219395-64000","state":"queued","timestamp":"2025-09-01T21:56:00-03:00","variant_code":"JQ064946.1"}
{"from_message":"","from_state":"queued","job_id":"job-1756774560949219395-64000","timestamp":"2025-09-01T21:56:01-03:00","to_message":"","to_state":"submitting","variant_code":"JQ064946.1"}
{"from_message":"","from_state":"submitting","job_id":"job-1756774560949219395-64000","timestamp":"2025-09-01T21:56:02-03:00","to_message":"","to_state":"submitted","variant_code":"JQ064946.1"}
{"event":"poller_registered","job_id":"job-1756774560949219395-64000","remote_uuid":"988162fe-8797-11f0-97dc-00163e100466","timestamp":"2025-09-01T21:56:02-03:00"}
{"event":"created","job_id":"job-1756774571160396515-64000","state":"queued","timestamp":"2025-09-01T21:56:11-03:00","variant_code":"JQ064945.1"}
{"from_message":"","from_state":"queued","job_id":"job-1756774571160396515-64000","timestamp":"2025-09-01T21:56:11-03:00","to_message":"","to_state":"submitting","variant_code":"JQ064945.1"}
{"from_message":"","from_state":"submitting","job_id":"job-1756774571160396515-64000","timestamp":"2025-09-01T21:56:12-03:00","to_message":"","to_state":"submitted","variant_code":"JQ064945.1"}
{"event":"poller_registered","job_id":"job-1756774571160396515-64000","remote_uuid":"9ea0c922-8797-11f0-bd0d-00163e100466","timestamp":"2025-09-01T21:56:12-03:00"}
{"event":"created","job_id":"job-1756774574602300134-64000","state":"queued","timestamp":"2025-09-01T21:56:14-03:00","variant_code":"JQ064944.1"}
{"from_message":"","from_state":"queued","job_id":"job-1756774574602300134-64000","timestamp":"2025-09-01T21:56:14-03:00","to_message":"","to_state":"submitting","variant_code":"JQ064944.1"}
{"from_message":"","from_state":"submitting","job_id":"job-1756774574602300134-64000","timestamp":"2025-09-01T21:56:16-03:00","to_message":"","to_state":"submitted","variant_code":"JQ064944.1"}
{"event":"poller_registered","job_id":"job-1756774574602300134-64000","remote_uuid":"a0a5517a-8797-11f0-8f77-00163e100466","timestamp":"2025-09-01T21:56:16-03:00"}
